[2024-08-13T15:18:48.292+0000] {taskinstance.py:1165} INFO - Dependencies all met for <TaskInstance: xcom_dag.t3 scheduled__2024-08-12T00:00:00+00:00 [queued]>
[2024-08-13T15:18:48.316+0000] {taskinstance.py:1165} INFO - Dependencies all met for <TaskInstance: xcom_dag.t3 scheduled__2024-08-12T00:00:00+00:00 [queued]>
[2024-08-13T15:18:48.316+0000] {taskinstance.py:1362} INFO - 
--------------------------------------------------------------------------------
[2024-08-13T15:18:48.316+0000] {taskinstance.py:1363} INFO - Starting attempt 1 of 1
[2024-08-13T15:18:48.317+0000] {taskinstance.py:1364} INFO - 
--------------------------------------------------------------------------------
[2024-08-13T15:18:48.358+0000] {taskinstance.py:1383} INFO - Executing <Task(BashOperator): t3> on 2024-08-12 00:00:00+00:00
[2024-08-13T15:18:48.364+0000] {standard_task_runner.py:55} INFO - Started process 3391 to run task
[2024-08-13T15:18:48.367+0000] {standard_task_runner.py:82} INFO - Running: ['***', 'tasks', 'run', 'xcom_dag', 't3', 'scheduled__2024-08-12T00:00:00+00:00', '--job-id', '27', '--raw', '--subdir', 'DAGS_FOLDER/xcom_dag.py', '--cfg-path', '/tmp/tmp7n97ytzb']
[2024-08-13T15:18:48.368+0000] {standard_task_runner.py:83} INFO - Job 27: Subtask t3
[2024-08-13T15:18:48.433+0000] {task_command.py:376} INFO - Running <TaskInstance: xcom_dag.t3 scheduled__2024-08-12T00:00:00+00:00 [running]> on host 605b3e21350c
[2024-08-13T15:18:48.647+0000] {taskinstance.py:1592} INFO - Exporting the following env vars:
AIRFLOW_CTX_DAG_OWNER=***
AIRFLOW_CTX_DAG_ID=xcom_dag
AIRFLOW_CTX_TASK_ID=t3
AIRFLOW_CTX_EXECUTION_DATE=2024-08-12T00:00:00+00:00
AIRFLOW_CTX_TRY_NUMBER=1
AIRFLOW_CTX_DAG_RUN_ID=scheduled__2024-08-12T00:00:00+00:00
[2024-08-13T15:18:48.649+0000] {subprocess.py:63} INFO - Tmp dir root location: 
 /tmp
[2024-08-13T15:18:48.649+0000] {subprocess.py:75} INFO - Running command: ['/bin/bash', '-c', "echo ''"]
[2024-08-13T15:18:48.685+0000] {subprocess.py:86} INFO - Output:
[2024-08-13T15:18:48.690+0000] {subprocess.py:93} INFO - 
[2024-08-13T15:18:48.691+0000] {subprocess.py:97} INFO - Command exited with return code 0
[2024-08-13T15:18:48.804+0000] {taskinstance.py:1406} INFO - Marking task as SUCCESS. dag_id=xcom_dag, task_id=t3, execution_date=20240812T000000, start_date=20240813T151848, end_date=20240813T151848
[2024-08-13T15:18:48.940+0000] {local_task_job.py:164} INFO - Task exited with return code 0
[2024-08-13T15:18:49.025+0000] {local_task_job.py:273} INFO - 0 downstream tasks scheduled from follow-on schedule check
