[2024-08-13T15:30:41.484+0000] {taskinstance.py:1165} INFO - Dependencies all met for <TaskInstance: xcom_dag.t4 manual__2024-08-13T15:30:37.023450+00:00 [queued]>
[2024-08-13T15:30:41.492+0000] {taskinstance.py:1165} INFO - Dependencies all met for <TaskInstance: xcom_dag.t4 manual__2024-08-13T15:30:37.023450+00:00 [queued]>
[2024-08-13T15:30:41.492+0000] {taskinstance.py:1362} INFO - 
--------------------------------------------------------------------------------
[2024-08-13T15:30:41.492+0000] {taskinstance.py:1363} INFO - Starting attempt 1 of 1
[2024-08-13T15:30:41.492+0000] {taskinstance.py:1364} INFO - 
--------------------------------------------------------------------------------
[2024-08-13T15:30:41.507+0000] {taskinstance.py:1383} INFO - Executing <Task(BashOperator): t4> on 2024-08-13 15:30:37.023450+00:00
[2024-08-13T15:30:41.518+0000] {standard_task_runner.py:55} INFO - Started process 3954 to run task
[2024-08-13T15:30:41.523+0000] {standard_task_runner.py:82} INFO - Running: ['***', 'tasks', 'run', 'xcom_dag', 't4', 'manual__2024-08-13T15:30:37.023450+00:00', '--job-id', '34', '--raw', '--subdir', 'DAGS_FOLDER/xcom_dag.py', '--cfg-path', '/tmp/tmpe_xo_tjy']
[2024-08-13T15:30:41.524+0000] {standard_task_runner.py:83} INFO - Job 34: Subtask t4
[2024-08-13T15:30:41.594+0000] {task_command.py:376} INFO - Running <TaskInstance: xcom_dag.t4 manual__2024-08-13T15:30:37.023450+00:00 [running]> on host 605b3e21350c
[2024-08-13T15:30:41.867+0000] {taskinstance.py:1592} INFO - Exporting the following env vars:
AIRFLOW_CTX_DAG_OWNER=***
AIRFLOW_CTX_DAG_ID=xcom_dag
AIRFLOW_CTX_TASK_ID=t4
AIRFLOW_CTX_EXECUTION_DATE=2024-08-13T15:30:37.023450+00:00
AIRFLOW_CTX_TRY_NUMBER=1
AIRFLOW_CTX_DAG_RUN_ID=manual__2024-08-13T15:30:37.023450+00:00
[2024-08-13T15:30:41.871+0000] {subprocess.py:63} INFO - Tmp dir root location: 
 /tmp
[2024-08-13T15:30:41.872+0000] {subprocess.py:75} INFO - Running command: ['/bin/bash', '-c', "echo ''"]
[2024-08-13T15:30:41.903+0000] {subprocess.py:86} INFO - Output:
[2024-08-13T15:30:41.909+0000] {subprocess.py:93} INFO - 
[2024-08-13T15:30:41.910+0000] {subprocess.py:97} INFO - Command exited with return code 0
[2024-08-13T15:30:42.004+0000] {taskinstance.py:1406} INFO - Marking task as SUCCESS. dag_id=xcom_dag, task_id=t4, execution_date=20240813T153037, start_date=20240813T153041, end_date=20240813T153042
[2024-08-13T15:30:42.060+0000] {local_task_job.py:164} INFO - Task exited with return code 0
[2024-08-13T15:30:42.175+0000] {local_task_job.py:273} INFO - 0 downstream tasks scheduled from follow-on schedule check
