[2024-08-13T14:00:16.029+0000] {taskinstance.py:1165} INFO - Dependencies all met for <TaskInstance: parallel_dag.transform scheduled__2024-08-12T00:00:00+00:00 [queued]>
[2024-08-13T14:00:16.039+0000] {taskinstance.py:1165} INFO - Dependencies all met for <TaskInstance: parallel_dag.transform scheduled__2024-08-12T00:00:00+00:00 [queued]>
[2024-08-13T14:00:16.040+0000] {taskinstance.py:1362} INFO - 
--------------------------------------------------------------------------------
[2024-08-13T14:00:16.040+0000] {taskinstance.py:1363} INFO - Starting attempt 1 of 1
[2024-08-13T14:00:16.040+0000] {taskinstance.py:1364} INFO - 
--------------------------------------------------------------------------------
[2024-08-13T14:00:16.097+0000] {taskinstance.py:1383} INFO - Executing <Task(BashOperator): transform> on 2024-08-12 00:00:00+00:00
[2024-08-13T14:00:16.103+0000] {standard_task_runner.py:55} INFO - Started process 516 to run task
[2024-08-13T14:00:16.105+0000] {standard_task_runner.py:82} INFO - Running: ['***', 'tasks', 'run', 'parallel_dag', 'transform', 'scheduled__2024-08-12T00:00:00+00:00', '--job-id', '22', '--raw', '--subdir', 'DAGS_FOLDER/paralel.py', '--cfg-path', '/tmp/tmpfauxpsji']
[2024-08-13T14:00:16.106+0000] {standard_task_runner.py:83} INFO - Job 22: Subtask transform
[2024-08-13T14:00:16.177+0000] {task_command.py:376} INFO - Running <TaskInstance: parallel_dag.transform scheduled__2024-08-12T00:00:00+00:00 [running]> on host 7b3be6059918
[2024-08-13T14:00:16.283+0000] {taskinstance.py:1592} INFO - Exporting the following env vars:
AIRFLOW_CTX_DAG_OWNER=***
AIRFLOW_CTX_DAG_ID=parallel_dag
AIRFLOW_CTX_TASK_ID=transform
AIRFLOW_CTX_EXECUTION_DATE=2024-08-12T00:00:00+00:00
AIRFLOW_CTX_TRY_NUMBER=1
AIRFLOW_CTX_DAG_RUN_ID=scheduled__2024-08-12T00:00:00+00:00
[2024-08-13T14:00:16.284+0000] {subprocess.py:63} INFO - Tmp dir root location: 
 /tmp
[2024-08-13T14:00:16.285+0000] {subprocess.py:75} INFO - Running command: ['/bin/bash', '-c', 'sleep 1']
[2024-08-13T14:00:16.297+0000] {subprocess.py:86} INFO - Output:
[2024-08-13T14:00:17.300+0000] {subprocess.py:97} INFO - Command exited with return code 0
[2024-08-13T14:00:17.378+0000] {taskinstance.py:1406} INFO - Marking task as SUCCESS. dag_id=parallel_dag, task_id=transform, execution_date=20240812T000000, start_date=20240813T140016, end_date=20240813T140017
[2024-08-13T14:00:17.440+0000] {local_task_job.py:164} INFO - Task exited with return code 0
[2024-08-13T14:00:17.471+0000] {local_task_job.py:273} INFO - 0 downstream tasks scheduled from follow-on schedule check
